#-----------------------------------------------------------
# Vivado v2018.2 (64-bit)
# SW Build 2258646 on Thu Jun 14 20:03:12 MDT 2018
# IP Build 2256618 on Thu Jun 14 22:10:49 MDT 2018
# Start of session at: Thu Jan 17 21:59:49 2019
# Process ID: 9452
# Current directory: E:/works/AsmandInterface/HustPC3.2/HustPC3.2
# Command line: vivado.exe -gui_launcher_event rodinguilauncherevent13356 E:\works\AsmandInterface\HustPC3.2\HustPC3.2\HustPC3.0.xpr
# Log file: E:/works/AsmandInterface/HustPC3.2/HustPC3.2/vivado.log
# Journal file: E:/works/AsmandInterface/HustPC3.2/HustPC3.2\vivado.jou
#-----------------------------------------------------------
start_gui
open_project E:/works/AsmandInterface/HustPC3.2/HustPC3.2/HustPC3.0.xpr
Scanning sources...
Finished scanning sources
INFO: [IP_Flow 19-234] Refreshing IP repositories
INFO: [IP_Flow 19-1704] No user IP repositories specified
INFO: [IP_Flow 19-2313] Loaded Vivado IP repository 'E:/Vivado/Vivado/2018.2/data/ip'.
open_project: Time (s): cpu = 00:00:15 ; elapsed = 00:00:18 . Memory (MB): peak = 754.758 ; gain = 72.074
exit
INFO: [Common 17-206] Exiting Vivado at Thu Jan 17 22:01:42 2019...
